Using pre-set license
Built from '2021.3/staging' branch; Version is '2021.3.10f1 (1c7d0df0160b) revision 1867021'; Using compiler version '192829333'; Build Type 'Release'
OS: 'Windows 10  (10.0.19045) 64bit Professional' Language: 'tr' Physical Memory: 16085 MB
BatchMode: 1, IsHumanControllingUs: 0, StartBugReporterOnCrash: 0, Is64bit: 1, IsPro: 1

COMMAND LINE ARGUMENTS:
C:\Program Files\Unity\Hub\Editor\2021.3.10f1\Editor\Unity.exe
-adb2
-batchMode
-noUpm
-name
AssetImportWorker0
-projectPath
C:/Users/Mehmet Akif/GooglePlayMaybe
-logFile
Logs/AssetImportWorker0.log
-srvPort
49781
Successfully changed project path to: C:/Users/Mehmet Akif/GooglePlayMaybe
C:/Users/Mehmet Akif/GooglePlayMaybe
[UnityMemory] Configuration Parameters - Can be set up in boot.config
    "memorysetup-bucket-allocator-granularity=16"
    "memorysetup-bucket-allocator-bucket-count=8"
    "memorysetup-bucket-allocator-block-size=33554432"
    "memorysetup-bucket-allocator-block-count=8"
    "memorysetup-main-allocator-block-size=16777216"
    "memorysetup-thread-allocator-block-size=16777216"
    "memorysetup-gfx-main-allocator-block-size=16777216"
    "memorysetup-gfx-thread-allocator-block-size=16777216"
    "memorysetup-cache-allocator-block-size=4194304"
    "memorysetup-typetree-allocator-block-size=2097152"
    "memorysetup-profiler-bucket-allocator-granularity=16"
    "memorysetup-profiler-bucket-allocator-bucket-count=8"
    "memorysetup-profiler-bucket-allocator-block-size=33554432"
    "memorysetup-profiler-bucket-allocator-block-count=8"
    "memorysetup-profiler-allocator-block-size=16777216"
    "memorysetup-profiler-editor-allocator-block-size=1048576"
    "memorysetup-temp-allocator-size-main=16777216"
    "memorysetup-job-temp-allocator-block-size=2097152"
    "memorysetup-job-temp-allocator-block-size-background=1048576"
    "memorysetup-job-temp-allocator-reduction-small-platforms=262144"
    "memorysetup-temp-allocator-size-background-worker=32768"
    "memorysetup-temp-allocator-size-job-worker=262144"
    "memorysetup-temp-allocator-size-preload-manager=33554432"
    "memorysetup-temp-allocator-size-nav-mesh-worker=65536"
    "memorysetup-temp-allocator-size-audio-worker=65536"
    "memorysetup-temp-allocator-size-cloud-worker=32768"
    "memorysetup-temp-allocator-size-gi-baking-worker=262144"
    "memorysetup-temp-allocator-size-gfx=262144"
Refreshing native plugins compatible for Editor in 85.26 ms, found 4 plugins.
Preloading 0 native plugins for Editor in 0.00 ms.
Initialize engine version: 2021.3.10f1 (1c7d0df0160b)
[Subsystems] Discovering subsystems at path C:/Program Files/Unity/Hub/Editor/2021.3.10f1/Editor/Data/Resources/UnitySubsystems
[Subsystems] Discovering subsystems at path C:/Users/Mehmet Akif/GooglePlayMaybe/Assets
GfxDevice: creating device client; threaded=0; jobified=0
Direct3D:
    Version:  Direct3D 11.0 [level 11.1]
    Renderer: NVIDIA GeForce RTX 3050 Laptop GPU (ID=0x25a2)
    Vendor:   NVIDIA
    VRAM:     3979 MB
    Driver:   31.0.15.2824
Initialize mono
Mono path[0] = 'C:/Program Files/Unity/Hub/Editor/2021.3.10f1/Editor/Data/Managed'
Mono path[1] = 'C:/Program Files/Unity/Hub/Editor/2021.3.10f1/Editor/Data/MonoBleedingEdge/lib/mono/unityjit-win32'
Mono config path = 'C:/Program Files/Unity/Hub/Editor/2021.3.10f1/Editor/Data/MonoBleedingEdge/etc'
Using monoOptions --debugger-agent=transport=dt_socket,embedding=1,server=y,suspend=n,address=127.0.0.1:56792
Begin MonoManager ReloadAssembly
Registering precompiled unity dll's ...
Register platform support module: C:/Program Files/Unity/Hub/Editor/2021.3.10f1/Editor/Data/PlaybackEngines/WebGLSupport/UnityEditor.WebGL.Extensions.dll
Register platform support module: C:/Program Files/Unity/Hub/Editor/2021.3.10f1/Editor/Data/PlaybackEngines/AndroidPlayer/UnityEditor.Android.Extensions.dll
Register platform support module: C:/Program Files/Unity/Hub/Editor/2021.3.10f1/Editor/Data/PlaybackEngines/WindowsStandaloneSupport/UnityEditor.WindowsStandalone.Extensions.dll
Registered in 0.005650 seconds.
Native extension for WindowsStandalone target not found
Native extension for Android target not found
Native extension for WebGL target not found
Refreshing native plugins compatible for Editor in 87.03 ms, found 4 plugins.
Preloading 0 native plugins for Editor in 0.00 ms.
Mono: successfully reloaded assembly
- Completed reload, in  0.522 seconds
Domain Reload Profiling:
	ReloadAssembly (522ms)
		BeginReloadAssembly (55ms)
			ExecutionOrderSort (0ms)
			DisableScriptedObjects (0ms)
			BackupInstance (0ms)
			ReleaseScriptingObjects (0ms)
			CreateAndSetChildDomain (1ms)
		EndReloadAssembly (381ms)
			LoadAssemblies (53ms)
			RebuildTransferFunctionScriptingTraits (0ms)
			SetupTypeCache (83ms)
			ReleaseScriptCaches (0ms)
			RebuildScriptCaches (21ms)
			SetupLoadedEditorAssemblies (238ms)
				LogAssemblyErrors (0ms)
				InitializePlatformSupportModulesInManaged (44ms)
				SetLoadedEditorAssemblies (0ms)
				RefreshPlugins (87ms)
				BeforeProcessingInitializeOnLoad (1ms)
				ProcessInitializeOnLoadAttributes (74ms)
				ProcessInitializeOnLoadMethodAttributes (32ms)
				AfterProcessingInitializeOnLoad (0ms)
				EditorAssembliesLoaded (0ms)
			ExecutionOrderSort2 (0ms)
			AwakeInstancesAfterBackupRestoration (0ms)
Platform modules already initialized, skipping
Registering precompiled user dll's ...
Registered in 0.005296 seconds.
Begin MonoManager ReloadAssembly
Symbol file LoadedFromMemory doesn't match image C:\Users\Mehmet Akif\GooglePlayMaybe\Library\PackageCache\com.unity.visualscripting@1.8.0\Editor\VisualScripting.Core\Dependencies\YamlDotNet\Unity.VisualScripting.YamlDotNet.dll
Symbol file LoadedFromMemory doesn't match image C:\Users\Mehmet Akif\GooglePlayMaybe\Library\PackageCache\com.unity.visualscripting@1.8.0\Editor\VisualScripting.Core\Dependencies\DotNetZip\Unity.VisualScripting.IonicZip.dll
Native extension for WindowsStandalone target not found
Native extension for Android target not found
Native extension for WebGL target not found
Refreshing native plugins compatible for Editor in 86.34 ms, found 4 plugins.
Preloading 0 native plugins for Editor in 0.00 ms.
Mono: successfully reloaded assembly
- Completed reload, in  1.029 seconds
Domain Reload Profiling:
	ReloadAssembly (1029ms)
		BeginReloadAssembly (184ms)
			ExecutionOrderSort (0ms)
			DisableScriptedObjects (4ms)
			BackupInstance (0ms)
			ReleaseScriptingObjects (0ms)
			CreateAndSetChildDomain (117ms)
		EndReloadAssembly (759ms)
			LoadAssemblies (66ms)
			RebuildTransferFunctionScriptingTraits (0ms)
			SetupTypeCache (193ms)
			ReleaseScriptCaches (1ms)
			RebuildScriptCaches (44ms)
			SetupLoadedEditorAssemblies (417ms)
				LogAssemblyErrors (0ms)
				InitializePlatformSupportModulesInManaged (11ms)
				SetLoadedEditorAssemblies (0ms)
				RefreshPlugins (86ms)
				BeforeProcessingInitializeOnLoad (86ms)
				ProcessInitializeOnLoadAttributes (189ms)
				ProcessInitializeOnLoadMethodAttributes (39ms)
				AfterProcessingInitializeOnLoad (5ms)
				EditorAssembliesLoaded (0ms)
			ExecutionOrderSort2 (0ms)
			AwakeInstancesAfterBackupRestoration (4ms)
Platform modules already initialized, skipping
========================================================================
Worker process is ready to serve import requests
Launched and connected shader compiler UnityShaderCompiler.exe after 0.03 seconds
Refreshing native plugins compatible for Editor in 0.78 ms, found 4 plugins.
Preloading 0 native plugins for Editor in 0.00 ms.
Unloading 4434 Unused Serialized files (Serialized files now loaded: 0)
Unloading 70 unused Assets / (1.5 MB). Loaded Objects now: 4862.
Memory consumption went from 172.5 MB to 171.0 MB.
Total: 3.132700 ms (FindLiveObjects: 0.307200 ms CreateObjectMapping: 0.136600 ms MarkObjects: 2.386100 ms  DeleteObjects: 0.301700 ms)

AssetImportParameters requested are different than current active one (requested -> active):
  custom:video-decoder-ogg-theora: a1e56fd34408186e4bbccfd4996cb3dc -> 
  custom:container-muxer-webm: aa71ff27fc2769a1b78a27578f13a17b -> 
  custom:container-demuxer-webm: 4f35f7cbe854078d1ac9338744f61a02 -> 
  custom:video-encoder-webm-vp8: eb34c28f22e8b96e1ab97ce403110664 -> 
  custom:audio-encoder-webm-vorbis: bf7c407c2cedff20999df2af8eb42d56 -> 
  custom:framework-win-MediaFoundation: 216162199b28c13a410421893ffa2e32 -> 
  custom:container-demuxer-ogg: 62fdf1f143b41e24485cea50d1cbac27 -> 
  custom:video-decoder-webm-vp8: 9c59270c3fd7afecdb556c50c9e8de78 -> 
  custom:audio-decoder-ogg-vorbis: bf7c407c2cedff20999df2af8eb42d56 -> 
========================================================================
Received Import Request.
  Time since last request: 49348.981458 seconds.
  path: Assets/Assets/LevelParts/Easy/EasyLevelPart_28.prefab
  artifactKey: Guid(3c2546562ce7d6e4a90983330ec9bc6b) Importer(815301076,1909f56bfc062723c751e8b465ee728b)
Start importing Assets/Assets/LevelParts/Easy/EasyLevelPart_28.prefab using Guid(3c2546562ce7d6e4a90983330ec9bc6b) Importer(815301076,1909f56bfc062723c751e8b465ee728b)  -> (artifact id: '150d2eb112dfc4b50646510b3d6bf3a0') in 0.091402 seconds 
========================================================================
Received Import Request.
  Time since last request: 4.663728 seconds.
  path: Assets/Assets/LevelParts/Easy/EasyLevelPart_17.prefab
  artifactKey: Guid(16cf0a3931d85f24cb3babcafad56a4f) Importer(815301076,1909f56bfc062723c751e8b465ee728b)
Start importing Assets/Assets/LevelParts/Easy/EasyLevelPart_17.prefab using Guid(16cf0a3931d85f24cb3babcafad56a4f) Importer(815301076,1909f56bfc062723c751e8b465ee728b)  -> (artifact id: '8f2b720401c354d39ffa7cd03b88ac47') in 0.023885 seconds 
========================================================================
Received Import Request.
  Time since last request: 1.766201 seconds.
  path: Assets/Assets/LevelParts/Easy/EasyLevelPart_17.prefab
  artifactKey: Guid(16cf0a3931d85f24cb3babcafad56a4f) Importer(815301076,1909f56bfc062723c751e8b465ee728b)
Start importing Assets/Assets/LevelParts/Easy/EasyLevelPart_17.prefab using Guid(16cf0a3931d85f24cb3babcafad56a4f) Importer(815301076,1909f56bfc062723c751e8b465ee728b)  -> (artifact id: '9fedb0213f2d5e55d98f711dddc2376a') in 0.014985 seconds 
========================================================================
Received Import Request.
  Time since last request: 0.986979 seconds.
  path: Assets/Assets/LevelParts/Easy/EasyLevelPart_17.prefab
  artifactKey: Guid(16cf0a3931d85f24cb3babcafad56a4f) Importer(815301076,1909f56bfc062723c751e8b465ee728b)
Start importing Assets/Assets/LevelParts/Easy/EasyLevelPart_17.prefab using Guid(16cf0a3931d85f24cb3babcafad56a4f) Importer(815301076,1909f56bfc062723c751e8b465ee728b)  -> (artifact id: '49c01a2a07f1bdd6a6b9270e4e018532') in 0.018958 seconds 
========================================================================
Received Import Request.
  Time since last request: 8.646405 seconds.
  path: Assets/Assets/LevelParts/Easy/EasyLevelPart_17.prefab
  artifactKey: Guid(16cf0a3931d85f24cb3babcafad56a4f) Importer(815301076,1909f56bfc062723c751e8b465ee728b)
Start importing Assets/Assets/LevelParts/Easy/EasyLevelPart_17.prefab using Guid(16cf0a3931d85f24cb3babcafad56a4f) Importer(815301076,1909f56bfc062723c751e8b465ee728b)  -> (artifact id: '5ef17a8d0f8193f5f8f6381dbc64849a') in 0.013469 seconds 
========================================================================
Received Import Request.
  Time since last request: 1.393406 seconds.
  path: Assets/Assets/LevelParts/Easy/EasyLevelPart_17.prefab
  artifactKey: Guid(16cf0a3931d85f24cb3babcafad56a4f) Importer(815301076,1909f56bfc062723c751e8b465ee728b)
Start importing Assets/Assets/LevelParts/Easy/EasyLevelPart_17.prefab using Guid(16cf0a3931d85f24cb3babcafad56a4f) Importer(815301076,1909f56bfc062723c751e8b465ee728b)  -> (artifact id: '24e2da8afff46a98c86c8960cdf6207f') in 0.019291 seconds 
========================================================================
Received Import Request.
  Time since last request: 1.587309 seconds.
  path: Assets/Assets/LevelParts/Easy/EasyLevelPart_17.prefab
  artifactKey: Guid(16cf0a3931d85f24cb3babcafad56a4f) Importer(815301076,1909f56bfc062723c751e8b465ee728b)
Start importing Assets/Assets/LevelParts/Easy/EasyLevelPart_17.prefab using Guid(16cf0a3931d85f24cb3babcafad56a4f) Importer(815301076,1909f56bfc062723c751e8b465ee728b)  -> (artifact id: 'a2a7fb550da12c6682f70e618bd70d30') in 0.023430 seconds 
========================================================================
Received Prepare
Refreshing native plugins compatible for Editor in 6.10 ms, found 4 plugins.
Preloading 0 native plugins for Editor in 0.00 ms.
Unloading 57 Unused Serialized files (Serialized files now loaded: 0)
Unloading 57 unused Assets / (1.4 MB). Loaded Objects now: 4872.
Memory consumption went from 86.3 MB to 84.9 MB.
Total: 4.132500 ms (FindLiveObjects: 0.338200 ms CreateObjectMapping: 0.142200 ms MarkObjects: 3.327300 ms  DeleteObjects: 0.323900 ms)

AssetImportParameters requested are different than current active one (requested -> active):
  custom:video-decoder-ogg-theora: a1e56fd34408186e4bbccfd4996cb3dc -> 
  custom:container-muxer-webm: aa71ff27fc2769a1b78a27578f13a17b -> 
  custom:container-demuxer-webm: 4f35f7cbe854078d1ac9338744f61a02 -> 
  custom:video-encoder-webm-vp8: eb34c28f22e8b96e1ab97ce403110664 -> 
  custom:audio-encoder-webm-vorbis: bf7c407c2cedff20999df2af8eb42d56 -> 
  custom:framework-win-MediaFoundation: 216162199b28c13a410421893ffa2e32 -> 
  custom:container-demuxer-ogg: 62fdf1f143b41e24485cea50d1cbac27 -> 
  custom:video-decoder-webm-vp8: 9c59270c3fd7afecdb556c50c9e8de78 -> 
  custom:audio-decoder-ogg-vorbis: bf7c407c2cedff20999df2af8eb42d56 -> 
